sysbench 1.0.20 (using system LuaJIT 2.1.0-beta3)

Running the test with following options:
Number of threads: 1
Initializing random number generator from current time


Prime numbers limit: 20000

Initializing worker threads...

Threads started!

CPU speed:
    events per second:  1146.72

General statistics:
    total time:                          10.0008s
    total number of events:              11470

Latency (ms):
         min:                                    0.87
         avg:                                    0.87
         max:                                    0.91
         95th percentile:                        0.89
         sum:                                 9999.36

Threads fairness:
    events (avg/stddev):           11470.0000/0.00
    execution time (avg/stddev):   9.9994/0.00
sysbench 1.0.20 (using system LuaJIT 2.1.0-beta3)

Running the test with following options:
Number of threads: 2
Initializing random number generator from current time


Prime numbers limit: 20000

Initializing worker threads...

Threads started!

CPU speed:
    events per second:  2290.96

General statistics:
    total time:                          10.0007s
    total number of events:              22915

Latency (ms):
         min:                                    0.87
         avg:                                    0.87
         max:                                    0.91
         95th percentile:                        0.89
         sum:                                19998.08

Threads fairness:
    events (avg/stddev):           11457.5000/20.50
    execution time (avg/stddev):   9.9990/0.00
sysbench 1.0.20 (using system LuaJIT 2.1.0-beta3)

Running the test with following options:
Number of threads: 4
Initializing random number generator from current time


Prime numbers limit: 20000

Initializing worker threads...

Threads started!

CPU speed:
    events per second:  4583.37

General statistics:
    total time:                          10.0008s
    total number of events:              45845

Latency (ms):
         min:                                    0.87
         avg:                                    0.87
         max:                                    0.94
         95th percentile:                        0.89
         sum:                                39995.72

Threads fairness:
    events (avg/stddev):           11461.2500/6.38
    execution time (avg/stddev):   9.9989/0.00
sysbench 1.0.20 (using system LuaJIT 2.1.0-beta3)

Running the test with following options:
Number of threads: 8
Initializing random number generator from current time


Prime numbers limit: 20000

Initializing worker threads...

Threads started!

CPU speed:
    events per second:  9165.78

General statistics:
    total time:                          10.0009s
    total number of events:              91681

Latency (ms):
         min:                                    0.87
         avg:                                    0.87
         max:                                    2.53
         95th percentile:                        0.89
         sum:                                79989.08

Threads fairness:
    events (avg/stddev):           11460.1250/16.28
    execution time (avg/stddev):   9.9986/0.00
sysbench 1.0.20 (using system LuaJIT 2.1.0-beta3)

Running the test with following options:
Number of threads: 1
Initializing random number generator from current time


Running memory speed test with the following options:
  block size: 1024KiB
  total size: 6144MiB
  operation: write
  scope: global

Initializing worker threads...

Threads started!

Total operations: 6144 (25595.84 per second)

6144.00 MiB transferred (25595.84 MiB/sec)


General statistics:
    total time:                          0.2384s
    total number of events:              6144

Latency (ms):
         min:                                    0.04
         avg:                                    0.04
         max:                                    0.07
         95th percentile:                        0.04
         sum:                                  237.33

Threads fairness:
    events (avg/stddev):           6144.0000/0.00
    execution time (avg/stddev):   0.2373/0.00
sysbench 1.0.20 (using system LuaJIT 2.1.0-beta3)

Running the test with following options:
Number of threads: 2
Initializing random number generator from current time


Running memory speed test with the following options:
  block size: 1024KiB
  total size: 6144MiB
  operation: write
  scope: global

Initializing worker threads...

Threads started!

Total operations: 6144 (36010.64 per second)

6144.00 MiB transferred (36010.64 MiB/sec)


General statistics:
    total time:                          0.1690s
    total number of events:              6144

Latency (ms):
         min:                                    0.05
         avg:                                    0.05
         max:                                    0.09
         95th percentile:                        0.06
         sum:                                  336.56

Threads fairness:
    events (avg/stddev):           3072.0000/0.00
    execution time (avg/stddev):   0.1683/0.00
sysbench 1.0.20 (using system LuaJIT 2.1.0-beta3)

Running the test with following options:
Number of threads: 4
Initializing random number generator from current time


Running memory speed test with the following options:
  block size: 1024KiB
  total size: 6144MiB
  operation: write
  scope: global

Initializing worker threads...

Threads started!

Total operations: 6144 (67198.33 per second)

6144.00 MiB transferred (67198.33 MiB/sec)


General statistics:
    total time:                          0.0898s
    total number of events:              6144

Latency (ms):
         min:                                    0.06
         avg:                                    0.06
         max:                                    0.09
         95th percentile:                        0.06
         sum:                                  357.26

Threads fairness:
    events (avg/stddev):           1536.0000/0.00
    execution time (avg/stddev):   0.0893/0.00
sysbench 1.0.20 (using system LuaJIT 2.1.0-beta3)

Running the test with following options:
Number of threads: 8
Initializing random number generator from current time


Running memory speed test with the following options:
  block size: 1024KiB
  total size: 6144MiB
  operation: write
  scope: global

Initializing worker threads...

Threads started!

Total operations: 6144 (75174.78 per second)

6144.00 MiB transferred (75174.78 MiB/sec)


General statistics:
    total time:                          0.0801s
    total number of events:              6144

Latency (ms):
         min:                                    0.04
         avg:                                    0.10
         max:                                    0.26
         95th percentile:                        0.11
         sum:                                  636.21

Threads fairness:
    events (avg/stddev):           768.0000/0.00
    execution time (avg/stddev):   0.0795/0.00
