sysbench 1.0.20 (using system LuaJIT 2.1.0-beta3)

Running the test with following options:
Number of threads: 1
Initializing random number generator from current time


Prime numbers limit: 20000

Initializing worker threads...

Threads started!

CPU speed:
    events per second:   399.07

General statistics:
    total time:                          10.0013s
    total number of events:              3992

Latency (ms):
         min:                                    2.49
         avg:                                    2.50
         max:                                    2.65
         95th percentile:                        2.52
         sum:                                 9999.69

Threads fairness:
    events (avg/stddev):           3992.0000/0.00
    execution time (avg/stddev):   9.9997/0.00
sysbench 1.0.20 (using system LuaJIT 2.1.0-beta3)

Running the test with following options:
Number of threads: 2
Initializing random number generator from current time


Prime numbers limit: 20000

Initializing worker threads...

Threads started!

CPU speed:
    events per second:   798.77

General statistics:
    total time:                          10.0012s
    total number of events:              7990

Latency (ms):
         min:                                    2.49
         avg:                                    2.50
         max:                                    2.97
         95th percentile:                        2.52
         sum:                                19999.37

Threads fairness:
    events (avg/stddev):           3995.0000/1.00
    execution time (avg/stddev):   9.9997/0.00
sysbench 1.0.20 (using system LuaJIT 2.1.0-beta3)

Running the test with following options:
Number of threads: 4
Initializing random number generator from current time


Prime numbers limit: 20000

Initializing worker threads...

Threads started!

CPU speed:
    events per second:  1353.37

General statistics:
    total time:                          10.0022s
    total number of events:              13539

Latency (ms):
         min:                                    2.93
         avg:                                    2.95
         max:                                    3.33
         95th percentile:                        2.97
         sum:                                40000.76

Threads fairness:
    events (avg/stddev):           3384.7500/2.77
    execution time (avg/stddev):   10.0002/0.00
sysbench 1.0.20 (using system LuaJIT 2.1.0-beta3)

Running the test with following options:
Number of threads: 8
Initializing random number generator from current time


Prime numbers limit: 20000

Initializing worker threads...

Threads started!

CPU speed:
    events per second:  1348.32

General statistics:
    total time:                          10.0022s
    total number of events:              13488

Latency (ms):
         min:                                    2.78
         avg:                                    5.93
         max:                                   46.97
         95th percentile:                       18.95
         sum:                                79952.52

Threads fairness:
    events (avg/stddev):           1686.0000/25.87
    execution time (avg/stddev):   9.9941/0.01
sysbench 1.0.20 (using system LuaJIT 2.1.0-beta3)

Running the test with following options:
Number of threads: 1
Initializing random number generator from current time


Running memory speed test with the following options:
  block size: 1024KiB
  total size: 6144MiB
  operation: write
  scope: global

Initializing worker threads...

Threads started!

Total operations: 6144 (18055.08 per second)

6144.00 MiB transferred (18055.08 MiB/sec)


General statistics:
    total time:                          0.3386s
    total number of events:              6144

Latency (ms):
         min:                                    0.05
         avg:                                    0.05
         max:                                    0.24
         95th percentile:                        0.05
         sum:                                  336.73

Threads fairness:
    events (avg/stddev):           6144.0000/0.00
    execution time (avg/stddev):   0.3367/0.00
sysbench 1.0.20 (using system LuaJIT 2.1.0-beta3)

Running the test with following options:
Number of threads: 2
Initializing random number generator from current time


Running memory speed test with the following options:
  block size: 1024KiB
  total size: 6144MiB
  operation: write
  scope: global

Initializing worker threads...

Threads started!

Total operations: 6144 (23444.46 per second)

6144.00 MiB transferred (23444.46 MiB/sec)


General statistics:
    total time:                          0.2600s
    total number of events:              6144

Latency (ms):
         min:                                    0.06
         avg:                                    0.08
         max:                                    0.10
         95th percentile:                        0.09
         sum:                                  517.91

Threads fairness:
    events (avg/stddev):           3072.0000/0.00
    execution time (avg/stddev):   0.2590/0.00
sysbench 1.0.20 (using system LuaJIT 2.1.0-beta3)

Running the test with following options:
Number of threads: 4
Initializing random number generator from current time


Running memory speed test with the following options:
  block size: 1024KiB
  total size: 6144MiB
  operation: write
  scope: global

Initializing worker threads...

Threads started!

Total operations: 6144 (28173.65 per second)

6144.00 MiB transferred (28173.65 MiB/sec)


General statistics:
    total time:                          0.2164s
    total number of events:              6144

Latency (ms):
         min:                                    0.07
         avg:                                    0.14
         max:                                    0.33
         95th percentile:                        0.16
         sum:                                  860.48

Threads fairness:
    events (avg/stddev):           1536.0000/0.00
    execution time (avg/stddev):   0.2151/0.00
sysbench 1.0.20 (using system LuaJIT 2.1.0-beta3)

Running the test with following options:
Number of threads: 8
Initializing random number generator from current time


Running memory speed test with the following options:
  block size: 1024KiB
  total size: 6144MiB
  operation: write
  scope: global

Initializing worker threads...

Threads started!

Total operations: 6144 (28534.94 per second)

6144.00 MiB transferred (28534.94 MiB/sec)


General statistics:
    total time:                          0.2137s
    total number of events:              6144

Latency (ms):
         min:                                    0.05
         avg:                                    0.24
         max:                                   44.17
         95th percentile:                        0.16
         sum:                                 1504.35

Threads fairness:
    events (avg/stddev):           768.0000/0.00
    execution time (avg/stddev):   0.1880/0.01
