sysbench 1.0.20 (using system LuaJIT 2.1.0-beta3)

Running the test with following options:
Number of threads: 1
Initializing random number generator from current time


Prime numbers limit: 20000

Initializing worker threads...

Threads started!

CPU speed:
    events per second:  1142.81

General statistics:
    total time:                          10.0005s
    total number of events:              11430

Latency (ms):
         min:                                    0.87
         avg:                                    0.87
         max:                                    1.00
         95th percentile:                        0.87
         sum:                                 9998.72

Threads fairness:
    events (avg/stddev):           11430.0000/0.00
    execution time (avg/stddev):   9.9987/0.00
sysbench 1.0.20 (using system LuaJIT 2.1.0-beta3)

Running the test with following options:
Number of threads: 2
Initializing random number generator from current time


Prime numbers limit: 20000

Initializing worker threads...

Threads started!

CPU speed:
    events per second:  2285.99

General statistics:
    total time:                          10.0005s
    total number of events:              22864

Latency (ms):
         min:                                    0.87
         avg:                                    0.87
         max:                                    1.01
         95th percentile:                        0.87
         sum:                                19996.12

Threads fairness:
    events (avg/stddev):           11432.0000/1.00
    execution time (avg/stddev):   9.9981/0.00
sysbench 1.0.20 (using system LuaJIT 2.1.0-beta3)

Running the test with following options:
Number of threads: 4
Initializing random number generator from current time


Prime numbers limit: 20000

Initializing worker threads...

Threads started!

CPU speed:
    events per second:  4572.33

General statistics:
    total time:                          10.0008s
    total number of events:              45733

Latency (ms):
         min:                                    0.87
         avg:                                    0.87
         max:                                    4.91
         95th percentile:                        0.87
         sum:                                39991.66

Threads fairness:
    events (avg/stddev):           11433.2500/1.92
    execution time (avg/stddev):   9.9979/0.00
sysbench 1.0.20 (using system LuaJIT 2.1.0-beta3)

Running the test with following options:
Number of threads: 8
Initializing random number generator from current time


Prime numbers limit: 20000

Initializing worker threads...

Threads started!

CPU speed:
    events per second:  9145.49

General statistics:
    total time:                          10.0008s
    total number of events:              91475

Latency (ms):
         min:                                    0.87
         avg:                                    0.87
         max:                                    1.00
         95th percentile:                        0.87
         sum:                                79981.40

Threads fairness:
    events (avg/stddev):           11434.3750/2.45
    execution time (avg/stddev):   9.9977/0.00
sysbench 1.0.20 (using system LuaJIT 2.1.0-beta3)

Running the test with following options:
Number of threads: 1
Initializing random number generator from current time


Running memory speed test with the following options:
  block size: 1024KiB
  total size: 6144MiB
  operation: write
  scope: global

Initializing worker threads...

Threads started!

Total operations: 6144 (20449.87 per second)

6144.00 MiB transferred (20449.87 MiB/sec)


General statistics:
    total time:                          0.2994s
    total number of events:              6144

Latency (ms):
         min:                                    0.05
         avg:                                    0.05
         max:                                    0.08
         95th percentile:                        0.05
         sum:                                  297.86

Threads fairness:
    events (avg/stddev):           6144.0000/0.00
    execution time (avg/stddev):   0.2979/0.00
sysbench 1.0.20 (using system LuaJIT 2.1.0-beta3)

Running the test with following options:
Number of threads: 2
Initializing random number generator from current time


Running memory speed test with the following options:
  block size: 1024KiB
  total size: 6144MiB
  operation: write
  scope: global

Initializing worker threads...

Threads started!

Total operations: 6144 (40532.30 per second)

6144.00 MiB transferred (40532.30 MiB/sec)


General statistics:
    total time:                          0.1503s
    total number of events:              6144

Latency (ms):
         min:                                    0.05
         avg:                                    0.05
         max:                                    0.07
         95th percentile:                        0.05
         sum:                                  298.59

Threads fairness:
    events (avg/stddev):           3072.0000/0.00
    execution time (avg/stddev):   0.1493/0.00
sysbench 1.0.20 (using system LuaJIT 2.1.0-beta3)

Running the test with following options:
Number of threads: 4
Initializing random number generator from current time


Running memory speed test with the following options:
  block size: 1024KiB
  total size: 6144MiB
  operation: write
  scope: global

Initializing worker threads...

Threads started!

Total operations: 6144 (80220.04 per second)

6144.00 MiB transferred (80220.04 MiB/sec)


General statistics:
    total time:                          0.0752s
    total number of events:              6144

Latency (ms):
         min:                                    0.05
         avg:                                    0.05
         max:                                    0.06
         95th percentile:                        0.05
         sum:                                  298.13

Threads fairness:
    events (avg/stddev):           1536.0000/0.00
    execution time (avg/stddev):   0.0745/0.00
sysbench 1.0.20 (using system LuaJIT 2.1.0-beta3)

Running the test with following options:
Number of threads: 8
Initializing random number generator from current time


Running memory speed test with the following options:
  block size: 1024KiB
  total size: 6144MiB
  operation: write
  scope: global

Initializing worker threads...

Threads started!

Total operations: 6144 (156957.05 per second)

6144.00 MiB transferred (156957.05 MiB/sec)


General statistics:
    total time:                          0.0377s
    total number of events:              6144

Latency (ms):
         min:                                    0.05
         avg:                                    0.05
         max:                                    0.09
         95th percentile:                        0.05
         sum:                                  298.41

Threads fairness:
    events (avg/stddev):           768.0000/0.00
    execution time (avg/stddev):   0.0373/0.00
