sysbench 1.0.20 (using system LuaJIT 2.1.0-beta3)

Running the test with following options:
Number of threads: 1
Initializing random number generator from current time


Prime numbers limit: 20000

Initializing worker threads...

Threads started!

CPU speed:
    events per second:  1147.65

General statistics:
    total time:                          10.0006s
    total number of events:              11479

Latency (ms):
         min:                                    0.87
         avg:                                    0.87
         max:                                    0.91
         95th percentile:                        0.89
         sum:                                 9999.04

Threads fairness:
    events (avg/stddev):           11479.0000/0.00
    execution time (avg/stddev):   9.9990/0.00
sysbench 1.0.20 (using system LuaJIT 2.1.0-beta3)

Running the test with following options:
Number of threads: 2
Initializing random number generator from current time


Prime numbers limit: 20000

Initializing worker threads...

Threads started!

CPU speed:
    events per second:  2286.84

General statistics:
    total time:                          10.0004s
    total number of events:              22873

Latency (ms):
         min:                                    0.87
         avg:                                    0.87
         max:                                    0.96
         95th percentile:                        0.89
         sum:                                19995.53

Threads fairness:
    events (avg/stddev):           11436.5000/1.50
    execution time (avg/stddev):   9.9978/0.00
sysbench 1.0.20 (using system LuaJIT 2.1.0-beta3)

Running the test with following options:
Number of threads: 4
Initializing random number generator from current time


Prime numbers limit: 20000

Initializing worker threads...

Threads started!

CPU speed:
    events per second:  2394.33

General statistics:
    total time:                          10.0016s
    total number of events:              23951

Latency (ms):
         min:                                    0.87
         avg:                                    1.67
         max:                                    2.04
         95th percentile:                        1.70
         sum:                                39993.53

Threads fairness:
    events (avg/stddev):           5987.7500/3.42
    execution time (avg/stddev):   9.9984/0.00
sysbench 1.0.20 (using system LuaJIT 2.1.0-beta3)

Running the test with following options:
Number of threads: 8
Initializing random number generator from current time


Prime numbers limit: 20000

Initializing worker threads...

Threads started!

CPU speed:
    events per second:  2404.90

General statistics:
    total time:                          10.0019s
    total number of events:              24057

Latency (ms):
         min:                                    0.89
         avg:                                    3.32
         max:                                   33.65
         95th percentile:                       13.70
         sum:                                79941.00

Threads fairness:
    events (avg/stddev):           3007.1250/45.97
    execution time (avg/stddev):   9.9926/0.01
sysbench 1.0.20 (using system LuaJIT 2.1.0-beta3)

Running the test with following options:
Number of threads: 1
Initializing random number generator from current time


Running memory speed test with the following options:
  block size: 1024KiB
  total size: 6144MiB
  operation: write
  scope: global

Initializing worker threads...

Threads started!

Total operations: 6144 (25581.02 per second)

6144.00 MiB transferred (25581.02 MiB/sec)


General statistics:
    total time:                          0.2385s
    total number of events:              6144

Latency (ms):
         min:                                    0.04
         avg:                                    0.04
         max:                                    0.08
         95th percentile:                        0.04
         sum:                                  237.39

Threads fairness:
    events (avg/stddev):           6144.0000/0.00
    execution time (avg/stddev):   0.2374/0.00
sysbench 1.0.20 (using system LuaJIT 2.1.0-beta3)

Running the test with following options:
Number of threads: 2
Initializing random number generator from current time


Running memory speed test with the following options:
  block size: 1024KiB
  total size: 6144MiB
  operation: write
  scope: global

Initializing worker threads...

Threads started!

Total operations: 6144 (29419.92 per second)

6144.00 MiB transferred (29419.92 MiB/sec)


General statistics:
    total time:                          0.2072s
    total number of events:              6144

Latency (ms):
         min:                                    0.04
         avg:                                    0.07
         max:                                    0.20
         95th percentile:                        0.10
         sum:                                  412.45

Threads fairness:
    events (avg/stddev):           3072.0000/0.00
    execution time (avg/stddev):   0.2062/0.00
sysbench 1.0.20 (using system LuaJIT 2.1.0-beta3)

Running the test with following options:
Number of threads: 4
Initializing random number generator from current time


Running memory speed test with the following options:
  block size: 1024KiB
  total size: 6144MiB
  operation: write
  scope: global

Initializing worker threads...

Threads started!

Total operations: 6144 (35713.17 per second)

6144.00 MiB transferred (35713.17 MiB/sec)


General statistics:
    total time:                          0.1704s
    total number of events:              6144

Latency (ms):
         min:                                    0.06
         avg:                                    0.11
         max:                                    0.26
         95th percentile:                        0.13
         sum:                                  679.21

Threads fairness:
    events (avg/stddev):           1536.0000/0.00
    execution time (avg/stddev):   0.1698/0.00
sysbench 1.0.20 (using system LuaJIT 2.1.0-beta3)

Running the test with following options:
Number of threads: 8
Initializing random number generator from current time


Running memory speed test with the following options:
  block size: 1024KiB
  total size: 6144MiB
  operation: write
  scope: global

Initializing worker threads...

Threads started!

Total operations: 6144 (36527.81 per second)

6144.00 MiB transferred (36527.81 MiB/sec)


General statistics:
    total time:                          0.1666s
    total number of events:              6144

Latency (ms):
         min:                                    0.04
         avg:                                    0.17
         max:                                   16.13
         95th percentile:                        0.13
         sum:                                 1072.03

Threads fairness:
    events (avg/stddev):           768.0000/0.00
    execution time (avg/stddev):   0.1340/0.02
