sysbench 1.0.20 (using system LuaJIT 2.1.0-beta3)

Running the test with following options:
Number of threads: 1
Initializing random number generator from current time


Prime numbers limit: 20000

Initializing worker threads...

Threads started!

CPU speed:
    events per second:   399.41

General statistics:
    total time:                          10.0003s
    total number of events:              3995

Latency (ms):
         min:                                    2.50
         avg:                                    2.50
         max:                                    2.55
         95th percentile:                        2.52
         sum:                                 9999.13

Threads fairness:
    events (avg/stddev):           3995.0000/0.00
    execution time (avg/stddev):   9.9991/0.00
sysbench 1.0.20 (using system LuaJIT 2.1.0-beta3)

Running the test with following options:
Number of threads: 2
Initializing random number generator from current time


Prime numbers limit: 20000

Initializing worker threads...

Threads started!

CPU speed:
    events per second:   798.72

General statistics:
    total time:                          10.0018s
    total number of events:              7990

Latency (ms):
         min:                                    2.50
         avg:                                    2.50
         max:                                    2.64
         95th percentile:                        2.52
         sum:                                20000.24

Threads fairness:
    events (avg/stddev):           3995.0000/2.00
    execution time (avg/stddev):   10.0001/0.00
sysbench 1.0.20 (using system LuaJIT 2.1.0-beta3)

Running the test with following options:
Number of threads: 4
Initializing random number generator from current time


Prime numbers limit: 20000

Initializing worker threads...

Threads started!

CPU speed:
    events per second:  1352.51

General statistics:
    total time:                          10.0027s
    total number of events:              13531

Latency (ms):
         min:                                    2.72
         avg:                                    2.96
         max:                                    3.45
         95th percentile:                        2.97
         sum:                                40002.55

Threads fairness:
    events (avg/stddev):           3382.7500/0.43
    execution time (avg/stddev):   10.0006/0.00
sysbench 1.0.20 (using system LuaJIT 2.1.0-beta3)

Running the test with following options:
Number of threads: 8
Initializing random number generator from current time


Prime numbers limit: 20000

Initializing worker threads...

Threads started!

CPU speed:
    events per second:  1382.03

General statistics:
    total time:                          10.0034s
    total number of events:              13827

Latency (ms):
         min:                                    2.93
         avg:                                    5.79
         max:                                   42.97
         95th percentile:                       18.95
         sum:                                80005.93

Threads fairness:
    events (avg/stddev):           1728.3750/63.00
    execution time (avg/stddev):   10.0007/0.00
sysbench 1.0.20 (using system LuaJIT 2.1.0-beta3)

Running the test with following options:
Number of threads: 1
Initializing random number generator from current time


Running memory speed test with the following options:
  block size: 1024KiB
  total size: 6144MiB
  operation: write
  scope: global

Initializing worker threads...

Threads started!

Total operations: 6144 (18051.68 per second)

6144.00 MiB transferred (18051.68 MiB/sec)


General statistics:
    total time:                          0.3383s
    total number of events:              6144

Latency (ms):
         min:                                    0.05
         avg:                                    0.05
         max:                                    0.09
         95th percentile:                        0.05
         sum:                                  336.34

Threads fairness:
    events (avg/stddev):           6144.0000/0.00
    execution time (avg/stddev):   0.3363/0.00
sysbench 1.0.20 (using system LuaJIT 2.1.0-beta3)

Running the test with following options:
Number of threads: 2
Initializing random number generator from current time


Running memory speed test with the following options:
  block size: 1024KiB
  total size: 6144MiB
  operation: write
  scope: global

Initializing worker threads...

Threads started!

Total operations: 6144 (22803.49 per second)

6144.00 MiB transferred (22803.49 MiB/sec)


General statistics:
    total time:                          0.2678s
    total number of events:              6144

Latency (ms):
         min:                                    0.07
         avg:                                    0.09
         max:                                    0.22
         95th percentile:                        0.11
         sum:                                  533.45

Threads fairness:
    events (avg/stddev):           3072.0000/0.00
    execution time (avg/stddev):   0.2667/0.00
sysbench 1.0.20 (using system LuaJIT 2.1.0-beta3)

Running the test with following options:
Number of threads: 4
Initializing random number generator from current time


Running memory speed test with the following options:
  block size: 1024KiB
  total size: 6144MiB
  operation: write
  scope: global

Initializing worker threads...

Threads started!

Total operations: 6144 (26988.07 per second)

6144.00 MiB transferred (26988.07 MiB/sec)


General statistics:
    total time:                          0.2260s
    total number of events:              6144

Latency (ms):
         min:                                    0.08
         avg:                                    0.15
         max:                                    0.48
         95th percentile:                        0.17
         sum:                                  894.90

Threads fairness:
    events (avg/stddev):           1536.0000/0.00
    execution time (avg/stddev):   0.2237/0.00
sysbench 1.0.20 (using system LuaJIT 2.1.0-beta3)

Running the test with following options:
Number of threads: 8
Initializing random number generator from current time


Running memory speed test with the following options:
  block size: 1024KiB
  total size: 6144MiB
  operation: write
  scope: global

Initializing worker threads...

Threads started!

Total operations: 6144 (32746.08 per second)

6144.00 MiB transferred (32746.08 MiB/sec)


General statistics:
    total time:                          0.1860s
    total number of events:              6144

Latency (ms):
         min:                                    0.05
         avg:                                    0.22
         max:                                   32.14
         95th percentile:                        0.17
         sum:                                 1367.79

Threads fairness:
    events (avg/stddev):           768.0000/0.00
    execution time (avg/stddev):   0.1710/0.01
