sysbench 1.0.20 (using system LuaJIT 2.1.0-beta3)

Running the test with following options:
Number of threads: 1
Initializing random number generator from current time


Prime numbers limit: 20000

Initializing worker threads...

Threads started!

CPU speed:
    events per second:  1602.92

General statistics:
    total time:                          10.0006s
    total number of events:              16031

Latency (ms):
         min:                                    0.62
         avg:                                    0.62
         max:                                    0.80
         95th percentile:                        0.63
         sum:                                 9998.66

Threads fairness:
    events (avg/stddev):           16031.0000/0.00
    execution time (avg/stddev):   9.9987/0.00
sysbench 1.0.20 (using system LuaJIT 2.1.0-beta3)

Running the test with following options:
Number of threads: 2
Initializing random number generator from current time


Prime numbers limit: 20000

Initializing worker threads...

Threads started!

CPU speed:
    events per second:  3205.58

General statistics:
    total time:                          10.0005s
    total number of events:              32060

Latency (ms):
         min:                                    0.62
         avg:                                    0.62
         max:                                    0.80
         95th percentile:                        0.63
         sum:                                19997.12

Threads fairness:
    events (avg/stddev):           16030.0000/2.00
    execution time (avg/stddev):   9.9986/0.00
sysbench 1.0.20 (using system LuaJIT 2.1.0-beta3)

Running the test with following options:
Number of threads: 4
Initializing random number generator from current time


Prime numbers limit: 20000

Initializing worker threads...

Threads started!

CPU speed:
    events per second:  6411.54

General statistics:
    total time:                          10.0006s
    total number of events:              64122

Latency (ms):
         min:                                    0.62
         avg:                                    0.62
         max:                                    0.74
         95th percentile:                        0.63
         sum:                                39993.21

Threads fairness:
    events (avg/stddev):           16030.5000/1.66
    execution time (avg/stddev):   9.9983/0.00
sysbench 1.0.20 (using system LuaJIT 2.1.0-beta3)

Running the test with following options:
Number of threads: 8
Initializing random number generator from current time


Prime numbers limit: 20000

Initializing worker threads...

Threads started!

CPU speed:
    events per second:  7045.61

General statistics:
    total time:                          10.0010s
    total number of events:              70467

Latency (ms):
         min:                                    0.63
         avg:                                    1.14
         max:                                    2.97
         95th percentile:                        1.14
         sum:                                79993.60

Threads fairness:
    events (avg/stddev):           8808.3750/12.34
    execution time (avg/stddev):   9.9992/0.00
sysbench 1.0.20 (using system LuaJIT 2.1.0-beta3)

Running the test with following options:
Number of threads: 1
Initializing random number generator from current time


Running memory speed test with the following options:
  block size: 1024KiB
  total size: 6144MiB
  operation: write
  scope: global

Initializing worker threads...

Threads started!

Total operations: 6144 (29861.65 per second)

6144.00 MiB transferred (29861.65 MiB/sec)


General statistics:
    total time:                          0.2050s
    total number of events:              6144

Latency (ms):
         min:                                    0.03
         avg:                                    0.03
         max:                                    0.08
         95th percentile:                        0.03
         sum:                                  203.87

Threads fairness:
    events (avg/stddev):           6144.0000/0.00
    execution time (avg/stddev):   0.2039/0.00
sysbench 1.0.20 (using system LuaJIT 2.1.0-beta3)

Running the test with following options:
Number of threads: 2
Initializing random number generator from current time


Running memory speed test with the following options:
  block size: 1024KiB
  total size: 6144MiB
  operation: write
  scope: global

Initializing worker threads...

Threads started!

Total operations: 6144 (59669.09 per second)

6144.00 MiB transferred (59669.09 MiB/sec)


General statistics:
    total time:                          0.1024s
    total number of events:              6144

Latency (ms):
         min:                                    0.03
         avg:                                    0.03
         max:                                    0.06
         95th percentile:                        0.03
         sum:                                  203.63

Threads fairness:
    events (avg/stddev):           3072.0000/0.00
    execution time (avg/stddev):   0.1018/0.00
sysbench 1.0.20 (using system LuaJIT 2.1.0-beta3)

Running the test with following options:
Number of threads: 4
Initializing random number generator from current time


Running memory speed test with the following options:
  block size: 1024KiB
  total size: 6144MiB
  operation: write
  scope: global

Initializing worker threads...

Threads started!

Total operations: 6144 (82773.21 per second)

6144.00 MiB transferred (82773.21 MiB/sec)


General statistics:
    total time:                          0.0737s
    total number of events:              6144

Latency (ms):
         min:                                    0.03
         avg:                                    0.04
         max:                                    0.27
         95th percentile:                        0.10
         sum:                                  272.91

Threads fairness:
    events (avg/stddev):           1536.0000/0.00
    execution time (avg/stddev):   0.0682/0.01
sysbench 1.0.20 (using system LuaJIT 2.1.0-beta3)

Running the test with following options:
Number of threads: 8
Initializing random number generator from current time


Running memory speed test with the following options:
  block size: 1024KiB
  total size: 6144MiB
  operation: write
  scope: global

Initializing worker threads...

Threads started!

Total operations: 6144 (67750.28 per second)

6144.00 MiB transferred (67750.28 MiB/sec)


General statistics:
    total time:                          0.0901s
    total number of events:              6144

Latency (ms):
         min:                                    0.03
         avg:                                    0.11
         max:                                    0.22
         95th percentile:                        0.19
         sum:                                  701.85

Threads fairness:
    events (avg/stddev):           768.0000/0.00
    execution time (avg/stddev):   0.0877/0.00
