sysbench 1.0.20 (using system LuaJIT 2.1.0-beta3)

Running the test with following options:
Number of threads: 1
Initializing random number generator from current time


Prime numbers limit: 20000

Initializing worker threads...

Threads started!

CPU speed:
    events per second:  1147.23

General statistics:
    total time:                          10.0007s
    total number of events:              11475

Latency (ms):
         min:                                    0.87
         avg:                                    0.87
         max:                                    0.91
         95th percentile:                        0.89
         sum:                                 9999.27

Threads fairness:
    events (avg/stddev):           11475.0000/0.00
    execution time (avg/stddev):   9.9993/0.00
sysbench 1.0.20 (using system LuaJIT 2.1.0-beta3)

Running the test with following options:
Number of threads: 2
Initializing random number generator from current time


Prime numbers limit: 20000

Initializing worker threads...

Threads started!

CPU speed:
    events per second:  2287.56

General statistics:
    total time:                          10.0007s
    total number of events:              22881

Latency (ms):
         min:                                    0.87
         avg:                                    0.87
         max:                                    1.00
         95th percentile:                        0.89
         sum:                                19993.34

Threads fairness:
    events (avg/stddev):           11440.5000/10.50
    execution time (avg/stddev):   9.9967/0.00
sysbench 1.0.20 (using system LuaJIT 2.1.0-beta3)

Running the test with following options:
Number of threads: 4
Initializing random number generator from current time


Prime numbers limit: 20000

Initializing worker threads...

Threads started!

CPU speed:
    events per second:  4570.74

General statistics:
    total time:                          10.0009s
    total number of events:              45719

Latency (ms):
         min:                                    0.87
         avg:                                    0.87
         max:                                    1.69
         95th percentile:                        0.89
         sum:                                39990.59

Threads fairness:
    events (avg/stddev):           11429.7500/19.84
    execution time (avg/stddev):   9.9976/0.00
sysbench 1.0.20 (using system LuaJIT 2.1.0-beta3)

Running the test with following options:
Number of threads: 8
Initializing random number generator from current time


Prime numbers limit: 20000

Initializing worker threads...

Threads started!

CPU speed:
    events per second:  4781.63

General statistics:
    total time:                          10.0010s
    total number of events:              47829

Latency (ms):
         min:                                    0.89
         avg:                                    1.67
         max:                                   14.09
         95th percentile:                        1.70
         sum:                                79988.84

Threads fairness:
    events (avg/stddev):           5978.6250/4.53
    execution time (avg/stddev):   9.9986/0.00
sysbench 1.0.20 (using system LuaJIT 2.1.0-beta3)

Running the test with following options:
Number of threads: 1
Initializing random number generator from current time


Running memory speed test with the following options:
  block size: 1024KiB
  total size: 6144MiB
  operation: write
  scope: global

Initializing worker threads...

Threads started!

Total operations: 6144 (25487.47 per second)

6144.00 MiB transferred (25487.47 MiB/sec)


General statistics:
    total time:                          0.2394s
    total number of events:              6144

Latency (ms):
         min:                                    0.04
         avg:                                    0.04
         max:                                    0.08
         95th percentile:                        0.04
         sum:                                  237.91

Threads fairness:
    events (avg/stddev):           6144.0000/0.00
    execution time (avg/stddev):   0.2379/0.00
sysbench 1.0.20 (using system LuaJIT 2.1.0-beta3)

Running the test with following options:
Number of threads: 2
Initializing random number generator from current time


Running memory speed test with the following options:
  block size: 1024KiB
  total size: 6144MiB
  operation: write
  scope: global

Initializing worker threads...

Threads started!

Total operations: 6144 (30181.65 per second)

6144.00 MiB transferred (30181.65 MiB/sec)


General statistics:
    total time:                          0.2019s
    total number of events:              6144

Latency (ms):
         min:                                    0.06
         avg:                                    0.07
         max:                                    0.10
         95th percentile:                        0.07
         sum:                                  402.05

Threads fairness:
    events (avg/stddev):           3072.0000/0.00
    execution time (avg/stddev):   0.2010/0.00
sysbench 1.0.20 (using system LuaJIT 2.1.0-beta3)

Running the test with following options:
Number of threads: 4
Initializing random number generator from current time


Running memory speed test with the following options:
  block size: 1024KiB
  total size: 6144MiB
  operation: write
  scope: global

Initializing worker threads...

Threads started!

Total operations: 6144 (61305.67 per second)

6144.00 MiB transferred (61305.67 MiB/sec)


General statistics:
    total time:                          0.0986s
    total number of events:              6144

Latency (ms):
         min:                                    0.06
         avg:                                    0.06
         max:                                    0.14
         95th percentile:                        0.07
         sum:                                  392.10

Threads fairness:
    events (avg/stddev):           1536.0000/0.00
    execution time (avg/stddev):   0.0980/0.00
sysbench 1.0.20 (using system LuaJIT 2.1.0-beta3)

Running the test with following options:
Number of threads: 8
Initializing random number generator from current time


Running memory speed test with the following options:
  block size: 1024KiB
  total size: 6144MiB
  operation: write
  scope: global

Initializing worker threads...

Threads started!

Total operations: 6144 (72339.69 per second)

6144.00 MiB transferred (72339.69 MiB/sec)


General statistics:
    total time:                          0.0833s
    total number of events:              6144

Latency (ms):
         min:                                    0.04
         avg:                                    0.11
         max:                                    0.24
         95th percentile:                        0.12
         sum:                                  648.97

Threads fairness:
    events (avg/stddev):           768.0000/0.00
    execution time (avg/stddev):   0.0811/0.00
