sysbench 1.0.20 (using system LuaJIT 2.1.0-beta3)

Running the test with following options:
Number of threads: 1
Initializing random number generator from current time


Prime numbers limit: 20000

Initializing worker threads...

Threads started!

CPU speed:
    events per second:   399.47

General statistics:
    total time:                          10.0013s
    total number of events:              3996

Latency (ms):
         min:                                    2.50
         avg:                                    2.50
         max:                                    2.53
         95th percentile:                        2.52
         sum:                                10000.16

Threads fairness:
    events (avg/stddev):           3996.0000/0.00
    execution time (avg/stddev):   10.0002/0.00
sysbench 1.0.20 (using system LuaJIT 2.1.0-beta3)

Running the test with following options:
Number of threads: 2
Initializing random number generator from current time


Prime numbers limit: 20000

Initializing worker threads...

Threads started!

CPU speed:
    events per second:   797.68

General statistics:
    total time:                          10.0023s
    total number of events:              7980

Latency (ms):
         min:                                    2.50
         avg:                                    2.51
         max:                                    3.03
         95th percentile:                        2.52
         sum:                                20001.39

Threads fairness:
    events (avg/stddev):           3990.0000/2.00
    execution time (avg/stddev):   10.0007/0.00
sysbench 1.0.20 (using system LuaJIT 2.1.0-beta3)

Running the test with following options:
Number of threads: 4
Initializing random number generator from current time


Prime numbers limit: 20000

Initializing worker threads...

Threads started!

CPU speed:
    events per second:  1352.50

General statistics:
    total time:                          10.0021s
    total number of events:              13530

Latency (ms):
         min:                                    2.67
         avg:                                    2.96
         max:                                    3.25
         95th percentile:                        2.97
         sum:                                40001.17

Threads fairness:
    events (avg/stddev):           3382.5000/0.50
    execution time (avg/stddev):   10.0003/0.00
sysbench 1.0.20 (using system LuaJIT 2.1.0-beta3)

Running the test with following options:
Number of threads: 8
Initializing random number generator from current time


Prime numbers limit: 20000

Initializing worker threads...

Threads started!

CPU speed:
    events per second:  1322.80

General statistics:
    total time:                          10.0031s
    total number of events:              13234

Latency (ms):
         min:                                    2.93
         avg:                                    6.04
         max:                                   76.33
         95th percentile:                       18.95
         sum:                                79889.10

Threads fairness:
    events (avg/stddev):           1654.2500/44.34
    execution time (avg/stddev):   9.9861/0.01
sysbench 1.0.20 (using system LuaJIT 2.1.0-beta3)

Running the test with following options:
Number of threads: 1
Initializing random number generator from current time


Running memory speed test with the following options:
  block size: 1024KiB
  total size: 6144MiB
  operation: write
  scope: global

Initializing worker threads...

Threads started!

Total operations: 6144 (18034.39 per second)

6144.00 MiB transferred (18034.39 MiB/sec)


General statistics:
    total time:                          0.3385s
    total number of events:              6144

Latency (ms):
         min:                                    0.05
         avg:                                    0.05
         max:                                    0.08
         95th percentile:                        0.06
         sum:                                  336.93

Threads fairness:
    events (avg/stddev):           6144.0000/0.00
    execution time (avg/stddev):   0.3369/0.00
sysbench 1.0.20 (using system LuaJIT 2.1.0-beta3)

Running the test with following options:
Number of threads: 2
Initializing random number generator from current time


Running memory speed test with the following options:
  block size: 1024KiB
  total size: 6144MiB
  operation: write
  scope: global

Initializing worker threads...

Threads started!

Total operations: 6144 (23712.15 per second)

6144.00 MiB transferred (23712.15 MiB/sec)


General statistics:
    total time:                          0.2574s
    total number of events:              6144

Latency (ms):
         min:                                    0.07
         avg:                                    0.08
         max:                                    0.24
         95th percentile:                        0.09
         sum:                                  512.72

Threads fairness:
    events (avg/stddev):           3072.0000/0.00
    execution time (avg/stddev):   0.2564/0.00
sysbench 1.0.20 (using system LuaJIT 2.1.0-beta3)

Running the test with following options:
Number of threads: 4
Initializing random number generator from current time


Running memory speed test with the following options:
  block size: 1024KiB
  total size: 6144MiB
  operation: write
  scope: global

Initializing worker threads...

Threads started!

Total operations: 6144 (27012.40 per second)

6144.00 MiB transferred (27012.40 MiB/sec)


General statistics:
    total time:                          0.2258s
    total number of events:              6144

Latency (ms):
         min:                                    0.08
         avg:                                    0.15
         max:                                    0.48
         95th percentile:                        0.17
         sum:                                  894.83

Threads fairness:
    events (avg/stddev):           1536.0000/0.00
    execution time (avg/stddev):   0.2237/0.00
sysbench 1.0.20 (using system LuaJIT 2.1.0-beta3)

Running the test with following options:
Number of threads: 8
Initializing random number generator from current time


Running memory speed test with the following options:
  block size: 1024KiB
  total size: 6144MiB
  operation: write
  scope: global

Initializing worker threads...

Threads started!

Total operations: 6144 (29833.27 per second)

6144.00 MiB transferred (29833.27 MiB/sec)


General statistics:
    total time:                          0.2039s
    total number of events:              6144

Latency (ms):
         min:                                    0.11
         avg:                                    0.22
         max:                                   40.17
         95th percentile:                        0.17
         sum:                                 1337.90

Threads fairness:
    events (avg/stddev):           768.0000/0.00
    execution time (avg/stddev):   0.1672/0.03
